<?xml version="1.0" encoding="UTF-8"?>
<!-- Generated by org.testng.reporters.JUnitXMLReporter -->
<testsuite ignored="0" hostname="DESKTOP-1OTBL48" failures="1" tests="6" name="Microsoft Edge Test" time="364.41" errors="0" timestamp="22 Jun 2023 13:24:08 GMT">
  <testcase classname="org.capstone.TestPackage.TestCase1" name="testCase1" time="32.034"/>
  <testcase classname="org.capstone.TestPackage.TestCase2" name="testCase2" time="74.953">
    <failure type="org.openqa.selenium.NoSuchElementException" message="Cannot locate an element using xpath=//a[text()=&amp;apos;Continue&amp;apos;]
For documentation on this error, please visit: https://www.seleniumhq.org/exceptions/no_such_element.html
Build info: version: &amp;apos;3.141.59&amp;apos;, revision: &amp;apos;e82be7d358&amp;apos;, time: &amp;apos;2018-11-14T08:17:03&amp;apos;
System info: host: &amp;apos;DESKTOP-1OTBL48&amp;apos;, ip: &amp;apos;192.168.143.132&amp;apos;, os.name: &amp;apos;Windows 10&amp;apos;, os.arch: &amp;apos;amd64&amp;apos;, os.version: &amp;apos;10.0&amp;apos;, java.version: &amp;apos;17.0.2&amp;apos;
Driver info: driver.version: RemoteWebDriver">
      <![CDATA[org.openqa.selenium.NoSuchElementException: Cannot locate an element using xpath=//a[text()='Continue']
For documentation on this error, please visit: https://www.seleniumhq.org/exceptions/no_such_element.html
Build info: version: '3.141.59', revision: 'e82be7d358', time: '2018-11-14T08:17:03'
System info: host: 'DESKTOP-1OTBL48', ip: '192.168.143.132', os.name: 'Windows 10', os.arch: 'amd64', os.version: '10.0', java.version: '17.0.2'
Driver info: driver.version: RemoteWebDriver
at org.openqa.selenium.remote.RemoteWebDriver.findElement(RemoteWebDriver.java:327)
at org.openqa.selenium.remote.RemoteWebDriver.findElementByXPath(RemoteWebDriver.java:428)
at org.openqa.selenium.By$ByXPath.findElement(By.java:353)
at org.openqa.selenium.remote.RemoteWebDriver.findElement(RemoteWebDriver.java:315)
at org.openqa.selenium.support.pagefactory.DefaultElementLocator.findElement(DefaultElementLocator.java:69)
at org.openqa.selenium.support.pagefactory.internal.LocatingElementHandler.invoke(LocatingElementHandler.java:38)
at jdk.proxy2/jdk.proxy2.$Proxy9.click(Unknown Source)
at org.capstone.PagePackage.AccountCreatedPage.clickOnContinueButton(AccountCreatedPage.java:27)
at org.capstone.TestPackage.TestCase2.testCase2(TestCase2.java:43)
... Removed 29 stack frames]]>
    </failure>
  </testcase> <!-- testCase2 -->
  <testcase classname="org.capstone.TestPackage.TestCase3" name="testCase3" time="5.823"/>
  <testcase classname="org.capstone.TestPackage.TestCase4" name="testCase4" time="20.857"/>
  <testcase classname="org.capstone.TestPackage.TestCase5" name="testCase5" time="57.433"/>
  <testcase classname="org.capstone.TestPackage.TestCase6" name="testCase6" time="64.703"/>
</testsuite> <!-- Microsoft Edge Test -->
