<?xml version="1.0" encoding="UTF-8"?>
<testng-results ignored="0" total="12" passed="10" failed="2" skipped="0">
  <reporter-output>
  </reporter-output>
  <suite started-at="2023-06-22T13:09:55Z" name="Suite" finished-at="2023-06-22T13:24:08Z" duration-ms="852833">
    <groups>
    </groups>
    <test started-at="2023-06-22T13:09:55Z" name="Chrome Test" finished-at="2023-06-22T13:18:03Z" duration-ms="488365">
      <class name="org.capstone.TestPackage.TestCase5">
        <test-method is-config="true" signature="initialSetup(java.lang.String)[pri:0, instance:org.capstone.TestPackage.TestCase5@4196c360]" started-at="2023-06-22T13:16:24Z" name="initialSetup" finished-at="2023-06-22T13:16:46Z" duration-ms="22258" status="PASS">
          <params>
            <param index="0">
              <value>
                <![CDATA[5555]]>
              </value>
            </param>
          </params>
          <reporter-output>
          </reporter-output>
        </test-method> <!-- initialSetup -->
        <test-method signature="testCase5()[pri:0, instance:org.capstone.TestPackage.TestCase5@4196c360]" started-at="2023-06-22T13:16:46Z" name="testCase5" finished-at="2023-06-22T13:17:29Z" duration-ms="42357" status="PASS">
          <reporter-output>
          </reporter-output>
        </test-method> <!-- testCase5 -->
      </class> <!-- org.capstone.TestPackage.TestCase5 -->
      <class name="org.capstone.TestPackage.TestCase6">
        <test-method is-config="true" signature="initialSetup(java.lang.String)[pri:0, instance:org.capstone.TestPackage.TestCase6@41294f8]" started-at="2023-06-22T13:17:29Z" name="initialSetup" finished-at="2023-06-22T13:17:43Z" duration-ms="14107" status="PASS">
          <params>
            <param index="0">
              <value>
                <![CDATA[5555]]>
              </value>
            </param>
          </params>
          <reporter-output>
          </reporter-output>
        </test-method> <!-- initialSetup -->
        <test-method signature="testCase6()[pri:0, instance:org.capstone.TestPackage.TestCase6@41294f8]" started-at="2023-06-22T13:17:43Z" name="testCase6" finished-at="2023-06-22T13:18:03Z" duration-ms="20539" status="PASS">
          <reporter-output>
          </reporter-output>
        </test-method> <!-- testCase6 -->
      </class> <!-- org.capstone.TestPackage.TestCase6 -->
      <class name="org.capstone.TestPackage.TestCase1">
        <test-method is-config="true" signature="initialSetup(java.lang.String)[pri:0, instance:org.capstone.TestPackage.TestCase1@41005828]" started-at="2023-06-22T13:09:55Z" name="initialSetup" finished-at="2023-06-22T13:10:19Z" duration-ms="24147" status="PASS">
          <params>
            <param index="0">
              <value>
                <![CDATA[5555]]>
              </value>
            </param>
          </params>
          <reporter-output>
          </reporter-output>
        </test-method> <!-- initialSetup -->
        <test-method signature="testCase1()[pri:0, instance:org.capstone.TestPackage.TestCase1@41005828]" started-at="2023-06-22T13:10:19Z" name="testCase1" finished-at="2023-06-22T13:12:36Z" duration-ms="137272" status="FAIL">
          <exception class="org.openqa.selenium.WebDriverException">
            <message>
              <![CDATA[unknown error: cannot determine loading status
from disconnected: unable to send message to renderer
  (Session info: chrome=114.0.5735.134)
Build info: version: '3.141.59', revision: 'e82be7d358', time: '2018-11-14T08:17:03'
System info: host: 'DESKTOP-1OTBL48', ip: '192.168.143.132', os.name: 'Windows 10', os.arch: 'amd64', os.version: '10.0', java.version: '17.0.2'
Driver info: org.openqa.selenium.remote.RemoteWebDriver
Capabilities {acceptInsecureCerts: false, browserName: chrome, browserVersion: 114.0.5735.134, chrome: {chromedriverVersion: 114.0.5735.90 (386bc09e8f4f..., userDataDir: C:\Users\jadhav\AppData\Loc...}, goog:chromeOptions: {debuggerAddress: localhost:62799}, javascriptEnabled: true, networkConnectionEnabled: false, pageLoadStrategy: normal, platform: WINDOWS, platformName: WINDOWS, proxy: Proxy(), se:bidiEnabled: false, se:cdp: ws://192.168.143.132:4444/s..., se:cdpVersion: 114.0.5735.134, setWindowRect: true, strictFileInteractability: false, timeouts: {implicit: 0, pageLoad: 300000, script: 30000}, unhandledPromptBehavior: dismiss and notify, webauthn:extension:credBlob: true, webauthn:extension:largeBlob: true, webauthn:extension:minPinLength: true, webauthn:extension:prf: true, webauthn:virtualAuthenticators: true}
Session ID: ac559b945b34cab927fce55dfc41412d]]>
            </message>
            <full-stacktrace>
              <![CDATA[org.openqa.selenium.WebDriverException: unknown error: cannot determine loading status
from disconnected: unable to send message to renderer
  (Session info: chrome=114.0.5735.134)
Build info: version: '3.141.59', revision: 'e82be7d358', time: '2018-11-14T08:17:03'
System info: host: 'DESKTOP-1OTBL48', ip: '192.168.143.132', os.name: 'Windows 10', os.arch: 'amd64', os.version: '10.0', java.version: '17.0.2'
Driver info: org.openqa.selenium.remote.RemoteWebDriver
Capabilities {acceptInsecureCerts: false, browserName: chrome, browserVersion: 114.0.5735.134, chrome: {chromedriverVersion: 114.0.5735.90 (386bc09e8f4f..., userDataDir: C:\Users\jadhav\AppData\Loc...}, goog:chromeOptions: {debuggerAddress: localhost:62799}, javascriptEnabled: true, networkConnectionEnabled: false, pageLoadStrategy: normal, platform: WINDOWS, platformName: WINDOWS, proxy: Proxy(), se:bidiEnabled: false, se:cdp: ws://192.168.143.132:4444/s..., se:cdpVersion: 114.0.5735.134, setWindowRect: true, strictFileInteractability: false, timeouts: {implicit: 0, pageLoad: 300000, script: 30000}, unhandledPromptBehavior: dismiss and notify, webauthn:extension:credBlob: true, webauthn:extension:largeBlob: true, webauthn:extension:minPinLength: true, webauthn:extension:prf: true, webauthn:virtualAuthenticators: true}
Session ID: ac559b945b34cab927fce55dfc41412d
at java.base/jdk.internal.reflect.NativeConstructorAccessorImpl.newInstance0(Native Method)
at java.base/jdk.internal.reflect.NativeConstructorAccessorImpl.newInstance(NativeConstructorAccessorImpl.java:77)
at java.base/jdk.internal.reflect.DelegatingConstructorAccessorImpl.newInstance(DelegatingConstructorAccessorImpl.java:45)
at java.base/java.lang.reflect.Constructor.newInstanceWithCaller(Constructor.java:499)
at java.base/java.lang.reflect.Constructor.newInstance(Constructor.java:480)
at org.openqa.selenium.remote.http.W3CHttpResponseCodec.createException(W3CHttpResponseCodec.java:187)
at org.openqa.selenium.remote.http.W3CHttpResponseCodec.decode(W3CHttpResponseCodec.java:122)
at org.openqa.selenium.remote.http.W3CHttpResponseCodec.decode(W3CHttpResponseCodec.java:49)
at org.openqa.selenium.remote.HttpCommandExecutor.execute(HttpCommandExecutor.java:158)
at org.openqa.selenium.remote.RemoteWebDriver.execute(RemoteWebDriver.java:552)
at org.openqa.selenium.remote.RemoteWebElement.execute(RemoteWebElement.java:285)
at org.openqa.selenium.remote.RemoteWebElement.click(RemoteWebElement.java:84)
at java.base/jdk.internal.reflect.NativeMethodAccessorImpl.invoke0(Native Method)
at java.base/jdk.internal.reflect.NativeMethodAccessorImpl.invoke(NativeMethodAccessorImpl.java:77)
at java.base/jdk.internal.reflect.DelegatingMethodAccessorImpl.invoke(DelegatingMethodAccessorImpl.java:43)
at java.base/java.lang.reflect.Method.invoke(Method.java:568)
at org.openqa.selenium.support.pagefactory.internal.LocatingElementHandler.invoke(LocatingElementHandler.java:51)
at jdk.proxy2/jdk.proxy2.$Proxy9.click(Unknown Source)
at org.capstone.PagePackage.AccountCreatedPage.clickOnContinueButton(AccountCreatedPage.java:24)
at org.capstone.TestPackage.TestCase1.testCase1(TestCase1.java:46)
at java.base/jdk.internal.reflect.NativeMethodAccessorImpl.invoke0(Native Method)
at java.base/jdk.internal.reflect.NativeMethodAccessorImpl.invoke(NativeMethodAccessorImpl.java:77)
at java.base/jdk.internal.reflect.DelegatingMethodAccessorImpl.invoke(DelegatingMethodAccessorImpl.java:43)
at java.base/java.lang.reflect.Method.invoke(Method.java:568)
at org.testng.internal.MethodInvocationHelper.invokeMethod(MethodInvocationHelper.java:124)
at org.testng.internal.Invoker.invokeMethod(Invoker.java:583)
at org.testng.internal.Invoker.invokeTestMethod(Invoker.java:719)
at org.testng.internal.Invoker.invokeTestMethods(Invoker.java:989)
at org.testng.internal.TestMethodWorker.invokeTestMethods(TestMethodWorker.java:125)
at org.testng.internal.TestMethodWorker.run(TestMethodWorker.java:109)
at org.testng.TestRunner.privateRun(TestRunner.java:648)
at org.testng.TestRunner.run(TestRunner.java:505)
at org.testng.SuiteRunner.runTest(SuiteRunner.java:455)
at org.testng.SuiteRunner.runSequentially(SuiteRunner.java:450)
at org.testng.SuiteRunner.privateRun(SuiteRunner.java:415)
at org.testng.SuiteRunner.run(SuiteRunner.java:364)
at org.testng.SuiteRunnerWorker.runSuite(SuiteRunnerWorker.java:52)
at org.testng.SuiteRunnerWorker.run(SuiteRunnerWorker.java:84)
at org.testng.TestNG.runSuitesSequentially(TestNG.java:1208)
at org.testng.TestNG.runSuitesLocally(TestNG.java:1137)
at org.testng.TestNG.runSuites(TestNG.java:1049)
at org.testng.TestNG.run(TestNG.java:1017)
at org.apache.maven.surefire.testng.TestNGExecutor.run(TestNGExecutor.java:283)
at org.apache.maven.surefire.testng.TestNGXmlTestSuite.execute(TestNGXmlTestSuite.java:75)
at org.apache.maven.surefire.testng.TestNGProvider.invoke(TestNGProvider.java:120)
at org.apache.maven.surefire.booter.ForkedBooter.runSuitesInProcess(ForkedBooter.java:377)
at org.apache.maven.surefire.booter.ForkedBooter.execute(ForkedBooter.java:138)
at org.apache.maven.surefire.booter.ForkedBooter.run(ForkedBooter.java:465)
at org.apache.maven.surefire.booter.ForkedBooter.main(ForkedBooter.java:451)
]]>
            </full-stacktrace>
          </exception> <!-- org.openqa.selenium.WebDriverException -->
          <reporter-output>
          </reporter-output>
        </test-method> <!-- testCase1 -->
      </class> <!-- org.capstone.TestPackage.TestCase1 -->
      <class name="org.capstone.TestPackage.TestCase2">
        <test-method is-config="true" signature="initialSetup(java.lang.String)[pri:0, instance:org.capstone.TestPackage.TestCase2@60b4beb4]" started-at="2023-06-22T13:12:37Z" name="initialSetup" finished-at="2023-06-22T13:13:10Z" duration-ms="33891" status="PASS">
          <params>
            <param index="0">
              <value>
                <![CDATA[5555]]>
              </value>
            </param>
          </params>
          <reporter-output>
          </reporter-output>
        </test-method> <!-- initialSetup -->
        <test-method signature="testCase2()[pri:0, instance:org.capstone.TestPackage.TestCase2@60b4beb4]" started-at="2023-06-22T13:13:10Z" name="testCase2" finished-at="2023-06-22T13:14:32Z" duration-ms="81848" status="PASS">
          <reporter-output>
          </reporter-output>
        </test-method> <!-- testCase2 -->
      </class> <!-- org.capstone.TestPackage.TestCase2 -->
      <class name="org.capstone.TestPackage.TestCase3">
        <test-method is-config="true" signature="initialSetup(java.lang.String)[pri:0, instance:org.capstone.TestPackage.TestCase3@7fcf2fc1]" started-at="2023-06-22T13:14:32Z" name="initialSetup" finished-at="2023-06-22T13:15:06Z" duration-ms="33556" status="PASS">
          <params>
            <param index="0">
              <value>
                <![CDATA[5555]]>
              </value>
            </param>
          </params>
          <reporter-output>
          </reporter-output>
        </test-method> <!-- initialSetup -->
        <test-method signature="testCase3()[pri:0, instance:org.capstone.TestPackage.TestCase3@7fcf2fc1]" started-at="2023-06-22T13:15:06Z" name="testCase3" finished-at="2023-06-22T13:15:29Z" duration-ms="23468" status="PASS">
          <reporter-output>
          </reporter-output>
        </test-method> <!-- testCase3 -->
      </class> <!-- org.capstone.TestPackage.TestCase3 -->
      <class name="org.capstone.TestPackage.TestCase4">
        <test-method is-config="true" signature="initialSetup(java.lang.String)[pri:0, instance:org.capstone.TestPackage.TestCase4@2141a12]" started-at="2023-06-22T13:15:29Z" name="initialSetup" finished-at="2023-06-22T13:15:53Z" duration-ms="24142" status="PASS">
          <params>
            <param index="0">
              <value>
                <![CDATA[5555]]>
              </value>
            </param>
          </params>
          <reporter-output>
          </reporter-output>
        </test-method> <!-- initialSetup -->
        <test-method signature="testCase4()[pri:0, instance:org.capstone.TestPackage.TestCase4@2141a12]" started-at="2023-06-22T13:15:53Z" name="testCase4" finished-at="2023-06-22T13:16:24Z" duration-ms="30613" status="PASS">
          <reporter-output>
          </reporter-output>
        </test-method> <!-- testCase4 -->
      </class> <!-- org.capstone.TestPackage.TestCase4 -->
    </test> <!-- Chrome Test -->
    <test started-at="2023-06-22T13:18:03Z" name="Microsoft Edge Test" finished-at="2023-06-22T13:24:08Z" duration-ms="364410">
      <class name="org.capstone.TestPackage.TestCase5">
        <test-method is-config="true" signature="initialSetup(java.lang.String)[pri:0, instance:org.capstone.TestPackage.TestCase5@3af0a9da]" started-at="2023-06-22T13:21:17Z" name="initialSetup" finished-at="2023-06-22T13:21:40Z" duration-ms="22575" status="PASS">
          <params>
            <param index="0">
              <value>
                <![CDATA[6666]]>
              </value>
            </param>
          </params>
          <reporter-output>
          </reporter-output>
        </test-method> <!-- initialSetup -->
        <test-method signature="testCase5()[pri:0, instance:org.capstone.TestPackage.TestCase5@3af0a9da]" started-at="2023-06-22T13:21:40Z" name="testCase5" finished-at="2023-06-22T13:22:37Z" duration-ms="57433" status="PASS">
          <reporter-output>
          </reporter-output>
        </test-method> <!-- testCase5 -->
      </class> <!-- org.capstone.TestPackage.TestCase5 -->
      <class name="org.capstone.TestPackage.TestCase6">
        <test-method is-config="true" signature="initialSetup(java.lang.String)[pri:0, instance:org.capstone.TestPackage.TestCase6@43b9fd5]" started-at="2023-06-22T13:22:37Z" name="initialSetup" finished-at="2023-06-22T13:23:03Z" duration-ms="26096" status="PASS">
          <params>
            <param index="0">
              <value>
                <![CDATA[6666]]>
              </value>
            </param>
          </params>
          <reporter-output>
          </reporter-output>
        </test-method> <!-- initialSetup -->
        <test-method signature="testCase6()[pri:0, instance:org.capstone.TestPackage.TestCase6@43b9fd5]" started-at="2023-06-22T13:23:03Z" name="testCase6" finished-at="2023-06-22T13:24:08Z" duration-ms="64703" status="PASS">
          <reporter-output>
          </reporter-output>
        </test-method> <!-- testCase6 -->
      </class> <!-- org.capstone.TestPackage.TestCase6 -->
      <class name="org.capstone.TestPackage.TestCase1">
        <test-method is-config="true" signature="initialSetup(java.lang.String)[pri:0, instance:org.capstone.TestPackage.TestCase1@14bee915]" started-at="2023-06-22T13:18:03Z" name="initialSetup" finished-at="2023-06-22T13:18:20Z" duration-ms="16287" status="PASS">
          <params>
            <param index="0">
              <value>
                <![CDATA[6666]]>
              </value>
            </param>
          </params>
          <reporter-output>
          </reporter-output>
        </test-method> <!-- initialSetup -->
        <test-method signature="testCase1()[pri:0, instance:org.capstone.TestPackage.TestCase1@14bee915]" started-at="2023-06-22T13:18:20Z" name="testCase1" finished-at="2023-06-22T13:18:52Z" duration-ms="32034" status="PASS">
          <reporter-output>
          </reporter-output>
        </test-method> <!-- testCase1 -->
      </class> <!-- org.capstone.TestPackage.TestCase1 -->
      <class name="org.capstone.TestPackage.TestCase2">
        <test-method is-config="true" signature="initialSetup(java.lang.String)[pri:0, instance:org.capstone.TestPackage.TestCase2@1115ec15]" started-at="2023-06-22T13:18:52Z" name="initialSetup" finished-at="2023-06-22T13:19:03Z" duration-ms="11456" status="PASS">
          <params>
            <param index="0">
              <value>
                <![CDATA[6666]]>
              </value>
            </param>
          </params>
          <reporter-output>
          </reporter-output>
        </test-method> <!-- initialSetup -->
        <test-method signature="testCase2()[pri:0, instance:org.capstone.TestPackage.TestCase2@1115ec15]" started-at="2023-06-22T13:19:03Z" name="testCase2" finished-at="2023-06-22T13:20:18Z" duration-ms="74953" status="FAIL">
          <exception class="org.openqa.selenium.NoSuchElementException">
            <message>
              <![CDATA[Cannot locate an element using xpath=//a[text()='Continue']
For documentation on this error, please visit: https://www.seleniumhq.org/exceptions/no_such_element.html
Build info: version: '3.141.59', revision: 'e82be7d358', time: '2018-11-14T08:17:03'
System info: host: 'DESKTOP-1OTBL48', ip: '192.168.143.132', os.name: 'Windows 10', os.arch: 'amd64', os.version: '10.0', java.version: '17.0.2'
Driver info: driver.version: RemoteWebDriver]]>
            </message>
            <full-stacktrace>
              <![CDATA[org.openqa.selenium.NoSuchElementException: Cannot locate an element using xpath=//a[text()='Continue']
For documentation on this error, please visit: https://www.seleniumhq.org/exceptions/no_such_element.html
Build info: version: '3.141.59', revision: 'e82be7d358', time: '2018-11-14T08:17:03'
System info: host: 'DESKTOP-1OTBL48', ip: '192.168.143.132', os.name: 'Windows 10', os.arch: 'amd64', os.version: '10.0', java.version: '17.0.2'
Driver info: driver.version: RemoteWebDriver
at org.openqa.selenium.remote.RemoteWebDriver.findElement(RemoteWebDriver.java:327)
at org.openqa.selenium.remote.RemoteWebDriver.findElementByXPath(RemoteWebDriver.java:428)
at org.openqa.selenium.By$ByXPath.findElement(By.java:353)
at org.openqa.selenium.remote.RemoteWebDriver.findElement(RemoteWebDriver.java:315)
at org.openqa.selenium.support.pagefactory.DefaultElementLocator.findElement(DefaultElementLocator.java:69)
at org.openqa.selenium.support.pagefactory.internal.LocatingElementHandler.invoke(LocatingElementHandler.java:38)
at jdk.proxy2/jdk.proxy2.$Proxy9.click(Unknown Source)
at org.capstone.PagePackage.AccountCreatedPage.clickOnContinueButton(AccountCreatedPage.java:27)
at org.capstone.TestPackage.TestCase2.testCase2(TestCase2.java:43)
at java.base/jdk.internal.reflect.NativeMethodAccessorImpl.invoke0(Native Method)
at java.base/jdk.internal.reflect.NativeMethodAccessorImpl.invoke(NativeMethodAccessorImpl.java:77)
at java.base/jdk.internal.reflect.DelegatingMethodAccessorImpl.invoke(DelegatingMethodAccessorImpl.java:43)
at java.base/java.lang.reflect.Method.invoke(Method.java:568)
at org.testng.internal.MethodInvocationHelper.invokeMethod(MethodInvocationHelper.java:124)
at org.testng.internal.Invoker.invokeMethod(Invoker.java:583)
at org.testng.internal.Invoker.invokeTestMethod(Invoker.java:719)
at org.testng.internal.Invoker.invokeTestMethods(Invoker.java:989)
at org.testng.internal.TestMethodWorker.invokeTestMethods(TestMethodWorker.java:125)
at org.testng.internal.TestMethodWorker.run(TestMethodWorker.java:109)
at org.testng.TestRunner.privateRun(TestRunner.java:648)
at org.testng.TestRunner.run(TestRunner.java:505)
at org.testng.SuiteRunner.runTest(SuiteRunner.java:455)
at org.testng.SuiteRunner.runSequentially(SuiteRunner.java:450)
at org.testng.SuiteRunner.privateRun(SuiteRunner.java:415)
at org.testng.SuiteRunner.run(SuiteRunner.java:364)
at org.testng.SuiteRunnerWorker.runSuite(SuiteRunnerWorker.java:52)
at org.testng.SuiteRunnerWorker.run(SuiteRunnerWorker.java:84)
at org.testng.TestNG.runSuitesSequentially(TestNG.java:1208)
at org.testng.TestNG.runSuitesLocally(TestNG.java:1137)
at org.testng.TestNG.runSuites(TestNG.java:1049)
at org.testng.TestNG.run(TestNG.java:1017)
at org.apache.maven.surefire.testng.TestNGExecutor.run(TestNGExecutor.java:283)
at org.apache.maven.surefire.testng.TestNGXmlTestSuite.execute(TestNGXmlTestSuite.java:75)
at org.apache.maven.surefire.testng.TestNGProvider.invoke(TestNGProvider.java:120)
at org.apache.maven.surefire.booter.ForkedBooter.runSuitesInProcess(ForkedBooter.java:377)
at org.apache.maven.surefire.booter.ForkedBooter.execute(ForkedBooter.java:138)
at org.apache.maven.surefire.booter.ForkedBooter.run(ForkedBooter.java:465)
at org.apache.maven.surefire.booter.ForkedBooter.main(ForkedBooter.java:451)
]]>
            </full-stacktrace>
          </exception> <!-- org.openqa.selenium.NoSuchElementException -->
          <reporter-output>
          </reporter-output>
        </test-method> <!-- testCase2 -->
      </class> <!-- org.capstone.TestPackage.TestCase2 -->
      <class name="org.capstone.TestPackage.TestCase3">
        <test-method is-config="true" signature="initialSetup(java.lang.String)[pri:0, instance:org.capstone.TestPackage.TestCase3@82ea68c]" started-at="2023-06-22T13:20:18Z" name="initialSetup" finished-at="2023-06-22T13:20:35Z" duration-ms="16451" status="PASS">
          <params>
            <param index="0">
              <value>
                <![CDATA[6666]]>
              </value>
            </param>
          </params>
          <reporter-output>
          </reporter-output>
        </test-method> <!-- initialSetup -->
        <test-method signature="testCase3()[pri:0, instance:org.capstone.TestPackage.TestCase3@82ea68c]" started-at="2023-06-22T13:20:35Z" name="testCase3" finished-at="2023-06-22T13:20:40Z" duration-ms="5823" status="PASS">
          <reporter-output>
          </reporter-output>
        </test-method> <!-- testCase3 -->
      </class> <!-- org.capstone.TestPackage.TestCase3 -->
      <class name="org.capstone.TestPackage.TestCase4">
        <test-method is-config="true" signature="initialSetup(java.lang.String)[pri:0, instance:org.capstone.TestPackage.TestCase4@59e505b2]" started-at="2023-06-22T13:20:40Z" name="initialSetup" finished-at="2023-06-22T13:20:56Z" duration-ms="15730" status="PASS">
          <params>
            <param index="0">
              <value>
                <![CDATA[6666]]>
              </value>
            </param>
          </params>
          <reporter-output>
          </reporter-output>
        </test-method> <!-- initialSetup -->
        <test-method signature="testCase4()[pri:0, instance:org.capstone.TestPackage.TestCase4@59e505b2]" started-at="2023-06-22T13:20:56Z" name="testCase4" finished-at="2023-06-22T13:21:17Z" duration-ms="20857" status="PASS">
          <reporter-output>
          </reporter-output>
        </test-method> <!-- testCase4 -->
      </class> <!-- org.capstone.TestPackage.TestCase4 -->
    </test> <!-- Microsoft Edge Test -->
  </suite> <!-- Suite -->
</testng-results>
